[debug] [2020-09-27T14:14:30.079Z] ----------------------------------------------------------------------
[debug] [2020-09-27T14:14:30.277Z] Command:       C:\Users\gg\AppData\Roaming\npm\node_modules\node\bin\node.exe C:\Users\gg\AppData\Roaming\npm\node_modules\firebase-tools\lib\bin\firebase.js init
[debug] [2020-09-27T14:14:30.278Z] CLI Version:   7.3.2
[debug] [2020-09-27T14:14:30.278Z] Platform:      win32
[debug] [2020-09-27T14:14:30.278Z] Node Version:  v12.4.0
[debug] [2020-09-27T14:14:30.753Z] Time:          Sun Sep 27 2020 19:44:30 GMT+0530 (India Standard Time)
[debug] [2020-09-27T14:14:30.754Z] ----------------------------------------------------------------------
[debug] 
[debug] [2020-09-27T14:14:30.942Z] > command requires scopes: ["email","openid","https://www.googleapis.com/auth/cloudplatformprojects.readonly","https://www.googleapis.com/auth/firebase","https://www.googleapis.com/auth/cloud-platform"]
[debug] [2020-09-27T14:14:30.943Z] > authorizing via signed-in user
[info] 
     ######## #### ########  ######## ########     ###     ######  ########
     ##        ##  ##     ## ##       ##     ##  ##   ##  ##       ##
     ######    ##  ########  ######   ########  #########  ######  ######
     ##        ##  ##    ##  ##       ##     ## ##     ##       ## ##
     ##       #### ##     ## ######## ########  ##     ##  ######  ########

You're about to initialize a Firebase project in this directory:

  C:\Users\gg\Desktop\Alligator\firebaseChat\chat

Before we get started, keep in mind:

  * You are initializing in an existing Firebase project directory

[info] 
=== Project Setup
[info] 
[info] First, let's associate this project directory with a Firebase project.
[info] You can create multiple project aliases by running firebase use --add, 
[info] but for now we'll just set up a default project.
[info] 
[info] i  .firebaserc already has a default project, using chat-app-1c403.
[debug] [2020-09-27T14:14:45.303Z] >>> HTTP REQUEST GET https://firebase.googleapis.com/v1beta1/projects/chat-app-1c403  
 
[debug] [2020-09-27T14:14:46.672Z] <<< HTTP RESPONSE 200
[info] 
=== Hosting Setup
[info] 
[info] Your public directory is the folder (relative to your project directory) that
[info] will contain Hosting assets to be uploaded with firebase deploy. If you
[info] have a build process for your assets, use your build's output directory.
[info] 
[debug] [2020-09-27T14:14:57.089Z] Error: kill ENOSYS
    at process.kill (internal/process/per_thread.js:188:13)
    at process.listener (C:\Users\gg\AppData\Roaming\npm\node_modules\firebase-tools\node_modules\signal-exit\index.js:95:15)
    at process.emit (events.js:200:13)
[error] 
[error] Error: An unexpected error has occurred.
